# JRE version: OpenJDK Runtime Environment Temurin-17.0.14+7 (17.0.14+7) (build 17.0.14+7)
# Java VM: OpenJDK 64-Bit Server VM Temurin-17.0.14+7 (17.0.14+7, mixed mode, sharing, tiered, compressed oops, compressed class ptrs, g1 gc, windows-amd64)
GC Precious Log:
 CPUs: 20 total, 20 available
 Memory: 32468M
 Large Page Support: Disabled
 NUMA Support: Disabled
 Compressed Oops: Enabled (Zero based)
 Heap Region Size: 4M
 Heap Min Capacity: 8M
 Heap Initial Capacity: 508M
 Heap Max Capacity: 8120M
 Pre-touch: Disabled
 Parallel Workers: 15
 Concurrent Workers: 4
 Concurrent Refinement Workers: 15
 Periodic GC: Disabled
Heap:
 garbage-first heap   total 520192K, used 166633K [0x0000000604800000, 0x0000000800000000)
  region size 4096K, 42 young (172032K), 2 survivors (8192K)
 Metaspace       used 15731K, committed 15936K, reserved 1114112K
  class space    used 1119K, committed 1216K, reserved 1048576K
GC Heap History (10 events):
Event: 0.749 GC heap before
{Heap before GC invocations=0 (full 0):
 garbage-first heap   total 520192K, used 20480K [0x0000000604800000, 0x0000000800000000)
  region size 4096K, 6 young (24576K), 0 survivors (0K)
 Metaspace       used 10989K, committed 11200K, reserved 1114112K
  class space    used 748K, committed 832K, reserved 1048576K
}
Event: 0.756 GC heap after
{Heap after GC invocations=1 (full 0):
 garbage-first heap   total 520192K, used 2892K [0x0000000604800000, 0x0000000800000000)
  region size 4096K, 1 young (4096K), 1 survivors (4096K)
 Metaspace       used 10989K, committed 11200K, reserved 1114112K
  class space    used 748K, committed 832K, reserved 1048576K
}
Event: 3.038 GC heap before
{Heap before GC invocations=1 (full 0):
 garbage-first heap   total 520192K, used 43852K [0x0000000604800000, 0x0000000800000000)
  region size 4096K, 11 young (45056K), 1 survivors (4096K)
 Metaspace       used 15118K, committed 15360K, reserved 1114112K
  class space    used 1111K, committed 1216K, reserved 1048576K
}
Event: 3.050 GC heap after
{Heap after GC invocations=2 (full 0):
 garbage-first heap   total 520192K, used 6719K [0x0000000604800000, 0x0000000800000000)
  region size 4096K, 2 young (8192K), 2 survivors (8192K)
 Metaspace       used 15118K, committed 15360K, reserved 1114112K
  class space    used 1111K, committed 1216K, reserved 1048576K
}
Event: 22.396 GC heap before
{Heap before GC invocations=2 (full 0):
 garbage-first heap   total 520192K, used 76351K [0x0000000604800000, 0x0000000800000000)
  region size 4096K, 19 young (77824K), 2 survivors (8192K)
 Metaspace       used 15660K, committed 15808K, reserved 1114112K
  class space    used 1113K, committed 1216K, reserved 1048576K
}
Event: 22.400 GC heap after
{Heap after GC invocations=3 (full 0):
 garbage-first heap   total 520192K, used 6911K [0x0000000604800000, 0x0000000800000000)
  region size 4096K, 2 young (8192K), 2 survivors (8192K)
 Metaspace       used 15660K, committed 15808K, reserved 1114112K
  class space    used 1113K, committed 1216K, reserved 1048576K
}
Event: 137.920 GC heap before
{Heap before GC invocations=3 (full 0):
 garbage-first heap   total 520192K, used 310015K [0x0000000604800000, 0x0000000800000000)
  region size 4096K, 76 young (311296K), 2 survivors (8192K)
 Metaspace       used 15668K, committed 15872K, reserved 1114112K
  class space    used 1113K, committed 1216K, reserved 1048576K
}
Event: 137.923 GC heap after
{Heap after GC invocations=4 (full 0):
 garbage-first heap   total 520192K, used 6894K [0x0000000604800000, 0x0000000800000000)
  region size 4096K, 2 young (8192K), 2 survivors (8192K)
 Metaspace       used 15668K, committed 15872K, reserved 1114112K
  class space    used 1113K, committed 1216K, reserved 1048576K
}
Event: 238.999 GC heap before
{Heap before GC invocations=4 (full 0):
 garbage-first heap   total 520192K, used 309998K [0x0000000604800000, 0x0000000800000000)
  region size 4096K, 76 young (311296K), 2 survivors (8192K)
 Metaspace       used 15669K, committed 15872K, reserved 1114112K
  class space    used 1113K, committed 1216K, reserved 1048576K
}
Event: 239.001 GC heap after
{Heap after GC invocations=5 (full 0):
 garbage-first heap   total 520192K, used 6889K [0x0000000604800000, 0x0000000800000000)
  region size 4096K, 2 young (8192K), 2 survivors (8192K)
 Metaspace       used 15669K, committed 15872K, reserved 1114112K
  class space    used 1113K, committed 1216K, reserved 1048576K
}

