# JRE version: OpenJDK Runtime Environment Temurin-17.0.14+7 (17.0.14+7) (build 17.0.14+7)
# Java VM: OpenJDK 64-Bit Server VM Temurin-17.0.14+7 (17.0.14+7, mixed mode, sharing, tiered, compressed oops, compressed class ptrs, g1 gc, windows-amd64)
GC Precious Log:
 CPUs: 20 total, 20 available
 Memory: 32468M
 Large Page Support: Disabled
 NUMA Support: Disabled
 Compressed Oops: Enabled (Zero based)
 Heap Region Size: 4M
 Heap Min Capacity: 8M
 Heap Initial Capacity: 508M
 Heap Max Capacity: 8120M
 Pre-touch: Disabled
 Parallel Workers: 15
 Concurrent Workers: 4
 Concurrent Refinement Workers: 15
 Periodic GC: Disabled
Heap:
 garbage-first heap   total 520192K, used 240239K [0x0000000604800000, 0x0000000800000000)
  region size 4096K, 60 young (245760K), 2 survivors (8192K)
 Metaspace       used 15734K, committed 15936K, reserved 1114112K
  class space    used 1117K, committed 1216K, reserved 1048576K
GC Heap History (6 events):
Event: 0.749 GC heap before
{Heap before GC invocations=0 (full 0):
 garbage-first heap   total 520192K, used 20480K [0x0000000604800000, 0x0000000800000000)
  region size 4096K, 6 young (24576K), 0 survivors (0K)
 Metaspace       used 10990K, committed 11200K, reserved 1114112K
  class space    used 747K, committed 832K, reserved 1048576K
}
Event: 0.756 GC heap after
{Heap after GC invocations=1 (full 0):
 garbage-first heap   total 520192K, used 2900K [0x0000000604800000, 0x0000000800000000)
  region size 4096K, 1 young (4096K), 1 survivors (4096K)
 Metaspace       used 10990K, committed 11200K, reserved 1114112K
  class space    used 747K, committed 832K, reserved 1048576K
}
Event: 3.914 GC heap before
{Heap before GC invocations=1 (full 0):
 garbage-first heap   total 520192K, used 47956K [0x0000000604800000, 0x0000000800000000)
  region size 4096K, 12 young (49152K), 1 survivors (4096K)
 Metaspace       used 15221K, committed 15424K, reserved 1114112K
  class space    used 1109K, committed 1216K, reserved 1048576K
}
Event: 3.919 GC heap after
{Heap after GC invocations=2 (full 0):
 garbage-first heap   total 520192K, used 6576K [0x0000000604800000, 0x0000000800000000)
  region size 4096K, 2 young (8192K), 2 survivors (8192K)
 Metaspace       used 15221K, committed 15424K, reserved 1114112K
  class space    used 1109K, committed 1216K, reserved 1048576K
}
Event: 72.180 GC heap before
{Heap before GC invocations=2 (full 0):
 garbage-first heap   total 520192K, used 309680K [0x0000000604800000, 0x0000000800000000)
  region size 4096K, 76 young (311296K), 2 survivors (8192K)
 Metaspace       used 15671K, committed 15872K, reserved 1114112K
  class space    used 1112K, committed 1216K, reserved 1048576K
}
Event: 72.184 GC heap after
{Heap after GC invocations=3 (full 0):
 garbage-first heap   total 520192K, used 6767K [0x0000000604800000, 0x0000000800000000)
  region size 4096K, 2 young (8192K), 2 survivors (8192K)
 Metaspace       used 15671K, committed 15872K, reserved 1114112K
  class space    used 1112K, committed 1216K, reserved 1048576K
}

